Using pre-set license
Built from '2020.3/staging' branch; Version is '2020.3.26f1 (7298b473bc1a) revision 7510196'; Using compiler version '192528614'; Build Type 'Release'
OS: 'Windows 11  (10.0.22621) 64bit Core' Language: 'en' Physical Memory: 16068 MB
BatchMode: 1, IsHumanControllingUs: 0, StartBugReporterOnCrash: 0, Is64bit: 1, IsPro: 0

COMMAND LINE ARGUMENTS:
C:\Program Files\Unity\Hub\Editor\2020.3.26f1\Editor\Unity.exe
-adb2
-batchMode
-noUpm
-name
AssetImportWorker1
-projectPath
C:/Users/callu/Documents/GitHub/Inner Calm Accompany App
-logFile
Logs/AssetImportWorker1.log
-srvPort
59088
Successfully changed project path to: C:/Users/callu/Documents/GitHub/Inner Calm Accompany App
C:/Users/callu/Documents/GitHub/Inner Calm Accompany App
Using Asset Import Pipeline V2.
Refreshing native plugins compatible for Editor in 50.65 ms, found 2 plugins.
Preloading 0 native plugins for Editor in 0.00 ms.
Initialize engine version: 2020.3.26f1 (7298b473bc1a)
[Subsystems] Discovering subsystems at path C:/Program Files/Unity/Hub/Editor/2020.3.26f1/Editor/Data/Resources/UnitySubsystems
[Subsystems] Discovering subsystems at path C:/Users/callu/Documents/GitHub/Inner Calm Accompany App/Assets
GfxDevice: creating device client; threaded=0
Direct3D:
    Version:  Direct3D 11.0 [level 11.1]
    Renderer: Intel(R) Iris(R) Xe Graphics (ID=0x46a6)
    Vendor:   
    VRAM:     8034 MB
    Driver:   31.0.101.4575
Initialize mono
Mono path[0] = 'C:/Program Files/Unity/Hub/Editor/2020.3.26f1/Editor/Data/Managed'
Mono path[1] = 'C:/Program Files/Unity/Hub/Editor/2020.3.26f1/Editor/Data/MonoBleedingEdge/lib/mono/unityjit'
Mono config path = 'C:/Program Files/Unity/Hub/Editor/2020.3.26f1/Editor/Data/MonoBleedingEdge/etc'
Using monoOptions --debugger-agent=transport=dt_socket,embedding=1,server=y,suspend=n,address=127.0.0.1:56724
Begin MonoManager ReloadAssembly
Registering precompiled unity dll's ...
Register platform support module: C:/Program Files/Unity/Hub/Editor/2020.3.26f1/Editor/Data/PlaybackEngines/WindowsStandaloneSupport/UnityEditor.WindowsStandalone.Extensions.dll
Registered in 0.001787 seconds.
Native extension for WindowsStandalone target not found
Refreshing native plugins compatible for Editor in 61.03 ms, found 2 plugins.
Preloading 0 native plugins for Editor in 0.00 ms.
Mono: successfully reloaded assembly
- Completed reload, in  0.661 seconds
Domain Reload Profiling:
	ReloadAssembly (661ms)
		BeginReloadAssembly (57ms)
			ExecutionOrderSort (0ms)
			DisableScriptedObjects (0ms)
			BackupInstance (0ms)
			ReleaseScriptingObjects (0ms)
			CreateAndSetChildDomain (1ms)
		EndReloadAssembly (525ms)
			LoadAssemblies (55ms)
			RebuildTransferFunctionScriptingTraits (0ms)
			SetupTypeCache (166ms)
			ReleaseScriptCaches (0ms)
			RebuildScriptCaches (30ms)
			SetupLoadedEditorAssemblies (209ms)
				LogAssemblyErrors (0ms)
				InitializePlatformSupportModulesInManaged (5ms)
				SetLoadedEditorAssemblies (0ms)
				RefreshPlugins (61ms)
				BeforeProcessingInitializeOnLoad (17ms)
				ProcessInitializeOnLoadAttributes (95ms)
				ProcessInitializeOnLoadMethodAttributes (30ms)
				AfterProcessingInitializeOnLoad (0ms)
				EditorAssembliesLoaded (0ms)
			ExecutionOrderSort2 (0ms)
			AwakeInstancesAfterBackupRestoration (0ms)
Platform modules already initialized, skipping
Registering precompiled user dll's ...
Registered in 0.010570 seconds.
Begin MonoManager ReloadAssembly
Native extension for WindowsStandalone target not found
Refreshing native plugins compatible for Editor in 46.15 ms, found 2 plugins.
Preloading 0 native plugins for Editor in 0.00 ms.
Mono: successfully reloaded assembly
- Completed reload, in  1.215 seconds
Domain Reload Profiling:
	ReloadAssembly (1216ms)
		BeginReloadAssembly (135ms)
			ExecutionOrderSort (0ms)
			DisableScriptedObjects (4ms)
			BackupInstance (0ms)
			ReleaseScriptingObjects (0ms)
			CreateAndSetChildDomain (20ms)
		EndReloadAssembly (1018ms)
			LoadAssemblies (96ms)
			RebuildTransferFunctionScriptingTraits (0ms)
			SetupTypeCache (375ms)
			ReleaseScriptCaches (0ms)
			RebuildScriptCaches (45ms)
			SetupLoadedEditorAssemblies (371ms)
				LogAssemblyErrors (0ms)
				InitializePlatformSupportModulesInManaged (4ms)
				SetLoadedEditorAssemblies (0ms)
				RefreshPlugins (46ms)
				BeforeProcessingInitializeOnLoad (85ms)
				ProcessInitializeOnLoadAttributes (220ms)
				ProcessInitializeOnLoadMethodAttributes (9ms)
				AfterProcessingInitializeOnLoad (6ms)
				EditorAssembliesLoaded (0ms)
			ExecutionOrderSort2 (0ms)
			AwakeInstancesAfterBackupRestoration (6ms)
Platform modules already initialized, skipping
========================================================================
Worker process is ready to serve import requests
Launched and connected shader compiler UnityShaderCompiler.exe after 0.15 seconds
Refreshing native plugins compatible for Editor in 0.53 ms, found 2 plugins.
Preloading 0 native plugins for Editor in 0.00 ms.
Unloading 2429 Unused Serialized files (Serialized files now loaded: 0)
System memory in use before: 97.7 MB.
System memory in use after: 97.9 MB.

Unloading 31 unused Assets to reduce memory usage. Loaded Objects now: 2850.
Total: 5.832200 ms (FindLiveObjects: 0.235500 ms CreateObjectMapping: 0.114500 ms MarkObjects: 5.332300 ms  DeleteObjects: 0.146900 ms)

AssetImportParameters requested are different than current active one (requested -> active):
  custom:framework-win-MediaFoundation: 216162199b28c13a410421893ffa2e32 -> 
  custom:video-decoder-ogg-theora: a1e56fd34408186e4bbccfd4996cb3dc -> 
  custom:container-muxer-webm: aa71ff27fc2769a1b78a27578f13a17b -> 
  custom:container-demuxer-webm: 4f35f7cbe854078d1ac9338744f61a02 -> 
  custom:container-demuxer-ogg: 62fdf1f143b41e24485cea50d1cbac27 -> 
  custom:video-encoder-webm-vp8: eb34c28f22e8b96e1ab97ce403110664 -> 
  custom:video-codec-MediaFoundation-h265: 746d11721c4dcdbdad8f713fa42b33f4 -> 
  custom:video-decoder-webm-vp8: 9c59270c3fd7afecdb556c50c9e8de78 -> 
  custom:audio-decoder-ogg-vorbis: bf7c407c2cedff20999df2af8eb42d56 -> 
  custom:audio-encoder-webm-vorbis: bf7c407c2cedff20999df2af8eb42d56 -> 
========================================================================
Received Import Request.
  path: Assets/Resources/Sprites/UI/Main Menu/breathe.png
  artifactKey: Guid(833f175396e5ee04bb3ffa5b4e61a3d5) Importer(815301076,1909f56bfc062723c751e8b465ee728b)
Start importing Assets/Resources/Sprites/UI/Main Menu/breathe.png using Guid(833f175396e5ee04bb3ffa5b4e61a3d5) Importer(815301076,1909f56bfc062723c751e8b465ee728b)  -> (artifact id: 'e1d7d2ed0e2c12ef150d7ae4f5348497') in 0.238520 seconds 
  Import took 0.245415 seconds .

========================================================================
Received Import Request.
  Time since last request: 0.000663 seconds.
  path: Assets/Resources/Sprites/UI/Main Menu/affirmations.png
  artifactKey: Guid(22cb93d657f65df428e43d8627f51787) Importer(815301076,1909f56bfc062723c751e8b465ee728b)
Start importing Assets/Resources/Sprites/UI/Main Menu/affirmations.png using Guid(22cb93d657f65df428e43d8627f51787) Importer(815301076,1909f56bfc062723c751e8b465ee728b)  -> (artifact id: 'ba877a7f635db09f4e9e1aa1d060c6bd') in 0.039225 seconds 
  Import took 0.045116 seconds .

========================================================================
Received Import Request.
  Time since last request: 0.000479 seconds.
  path: Assets/Resources/Sprites/UI/Top Bar/back.png
  artifactKey: Guid(bbe425a17364c9f43bc44ae40556ede7) Importer(815301076,1909f56bfc062723c751e8b465ee728b)
Start importing Assets/Resources/Sprites/UI/Top Bar/back.png using Guid(bbe425a17364c9f43bc44ae40556ede7) Importer(815301076,1909f56bfc062723c751e8b465ee728b)  -> (artifact id: '6f82a4aa64e572e4aea821fa427e7aac') in 0.049883 seconds 
  Import took 0.057353 seconds .

========================================================================
Received Import Request.
  Time since last request: 0.000334 seconds.
  path: Assets/Resources/Sprites/UI/General/Back.png
  artifactKey: Guid(06ccd5aea0cbe494ba356ece6fb9c8e2) Importer(815301076,1909f56bfc062723c751e8b465ee728b)
Start importing Assets/Resources/Sprites/UI/General/Back.png using Guid(06ccd5aea0cbe494ba356ece6fb9c8e2) Importer(815301076,1909f56bfc062723c751e8b465ee728b)  -> (artifact id: 'd2ad3076392e39c032ce19bb67c2b223') in 0.045694 seconds 
  Import took 0.065571 seconds .

========================================================================
Received Import Request.
  Time since last request: 312.546778 seconds.
  path: Assets/Scripts/UI
  artifactKey: Guid(a61628d19a1fbb64aa6def086f595135) Importer(815301076,1909f56bfc062723c751e8b465ee728b)
Start importing Assets/Scripts/UI using Guid(a61628d19a1fbb64aa6def086f595135) Importer(815301076,1909f56bfc062723c751e8b465ee728b)  -> (artifact id: '4e8c1d9a6c0075cdf8ec12c877f156ae') in 0.012848 seconds 
  Import took 0.017874 seconds .

========================================================================
Received Import Request.
  Time since last request: 0.248968 seconds.
  path: Assets/Scripts/UI/AutoSpaceOnResolution.cs
  artifactKey: Guid(f85e132ea23dd0d409d416339bff437b) Importer(815301076,1909f56bfc062723c751e8b465ee728b)
Start importing Assets/Scripts/UI/AutoSpaceOnResolution.cs using Guid(f85e132ea23dd0d409d416339bff437b) Importer(815301076,1909f56bfc062723c751e8b465ee728b)  -> (artifact id: '2d1ad26a716b109e283055681c406063') in 0.019477 seconds 
  Import took 0.022663 seconds .

========================================================================
Received Import Request.
  Time since last request: 18.269641 seconds.
  path: Assets/Scripts/Managers/AffirmationManager.cs
  artifactKey: Guid(c199b0e94d7fd26409804c6d79a397eb) Importer(815301076,1909f56bfc062723c751e8b465ee728b)
Start importing Assets/Scripts/Managers/AffirmationManager.cs using Guid(c199b0e94d7fd26409804c6d79a397eb) Importer(815301076,1909f56bfc062723c751e8b465ee728b)  -> (artifact id: '612e0ef999e41db19707a1e3a8a843ee') in 0.013198 seconds 
  Import took 0.017023 seconds .

========================================================================
Received Import Request.
  Time since last request: 0.111785 seconds.
  path: Assets/Scripts/Managers/AppManager.cs
  artifactKey: Guid(161db8b79c37e3b44baa6431e1db5308) Importer(815301076,1909f56bfc062723c751e8b465ee728b)
Start importing Assets/Scripts/Managers/AppManager.cs using Guid(161db8b79c37e3b44baa6431e1db5308) Importer(815301076,1909f56bfc062723c751e8b465ee728b)  -> (artifact id: '9d5637c8e518e3df84d064edb580c26a') in 0.012402 seconds 
  Import took 0.015623 seconds .

========================================================================
Received Import Request.
  Time since last request: 0.116650 seconds.
  path: Assets/Scripts/Managers/CalendarManager.cs
  artifactKey: Guid(b709d0eff8bdfc849bc34938ad2f1fac) Importer(815301076,1909f56bfc062723c751e8b465ee728b)
Start importing Assets/Scripts/Managers/CalendarManager.cs using Guid(b709d0eff8bdfc849bc34938ad2f1fac) Importer(815301076,1909f56bfc062723c751e8b465ee728b)  -> (artifact id: 'aa9a6e9a6e596c3bcc8811bb9b779777') in 0.013870 seconds 
  Import took 0.017220 seconds .

========================================================================
Received Import Request.
  Time since last request: 0.103141 seconds.
  path: Assets/Scripts/Managers/CheckinManager.cs
  artifactKey: Guid(384984075ae8dc94d96b5b34d01b49d4) Importer(815301076,1909f56bfc062723c751e8b465ee728b)
Start importing Assets/Scripts/Managers/CheckinManager.cs using Guid(384984075ae8dc94d96b5b34d01b49d4) Importer(815301076,1909f56bfc062723c751e8b465ee728b)  -> (artifact id: 'b72a217e0a4aca3780ad90925587ce26') in 0.010987 seconds 
  Import took 0.015343 seconds .

========================================================================
Received Import Request.
  Time since last request: 13.671482 seconds.
  path: Assets/Scripts/Managers/ErrorMessageManager.cs
  artifactKey: Guid(12ff880079997e848b20b81e5dda5a8b) Importer(815301076,1909f56bfc062723c751e8b465ee728b)
Start importing Assets/Scripts/Managers/ErrorMessageManager.cs using Guid(12ff880079997e848b20b81e5dda5a8b) Importer(815301076,1909f56bfc062723c751e8b465ee728b)  -> (artifact id: '2e093e8e1b43a191325a8e08a90018b3') in 0.015450 seconds 
  Import took 0.020002 seconds .

========================================================================
Received Prepare
Registering precompiled user dll's ...
Registered in 0.005487 seconds.
Begin MonoManager ReloadAssembly
Native extension for WindowsStandalone target not found
Refreshing native plugins compatible for Editor in 0.41 ms, found 2 plugins.
Preloading 0 native plugins for Editor in 0.00 ms.
Mono: successfully reloaded assembly
- Completed reload, in  0.800 seconds
Domain Reload Profiling:
	ReloadAssembly (800ms)
		BeginReloadAssembly (90ms)
			ExecutionOrderSort (0ms)
			DisableScriptedObjects (3ms)
			BackupInstance (0ms)
			ReleaseScriptingObjects (0ms)
			CreateAndSetChildDomain (33ms)
		EndReloadAssembly (664ms)
			LoadAssemblies (79ms)
			RebuildTransferFunctionScriptingTraits (0ms)
			SetupTypeCache (250ms)
			ReleaseScriptCaches (1ms)
			RebuildScriptCaches (30ms)
			SetupLoadedEditorAssemblies (222ms)
				LogAssemblyErrors (0ms)
				InitializePlatformSupportModulesInManaged (3ms)
				SetLoadedEditorAssemblies (1ms)
				RefreshPlugins (0ms)
				BeforeProcessingInitializeOnLoad (56ms)
				ProcessInitializeOnLoadAttributes (151ms)
				ProcessInitializeOnLoadMethodAttributes (6ms)
				AfterProcessingInitializeOnLoad (3ms)
				EditorAssembliesLoaded (0ms)
			ExecutionOrderSort2 (0ms)
			AwakeInstancesAfterBackupRestoration (6ms)
Platform modules already initialized, skipping
Switching build target platform(19) subTarget(0) extendedPlatform(0) -> platform(13) subTarget(537395200) extendedPlatform(0)
Refreshing native plugins compatible for Editor in 0.38 ms, found 2 plugins.
Preloading 0 native plugins for Editor in 0.00 ms.
Unloading 2408 Unused Serialized files (Serialized files now loaded: 0)
System memory in use before: 98.5 MB.
System memory in use after: 98.7 MB.

Unloading 26 unused Assets to reduce memory usage. Loaded Objects now: 2861.
Total: 2.481000 ms (FindLiveObjects: 0.157400 ms CreateObjectMapping: 0.061800 ms MarkObjects: 2.224200 ms  DeleteObjects: 0.036100 ms)

AssetImportParameters requested are different than current active one (requested -> active):
  custom:framework-win-MediaFoundation: 216162199b28c13a410421893ffa2e32 -> 
  custom:video-decoder-ogg-theora: a1e56fd34408186e4bbccfd4996cb3dc -> 
  custom:container-muxer-webm: aa71ff27fc2769a1b78a27578f13a17b -> 
  custom:container-demuxer-webm: 4f35f7cbe854078d1ac9338744f61a02 -> 
  custom:container-demuxer-ogg: 62fdf1f143b41e24485cea50d1cbac27 -> 
  custom:video-encoder-webm-vp8: eb34c28f22e8b96e1ab97ce403110664 -> 
  custom:video-codec-MediaFoundation-h265: 746d11721c4dcdbdad8f713fa42b33f4 -> 
  custom:video-decoder-webm-vp8: 9c59270c3fd7afecdb556c50c9e8de78 -> 
  custom:graphics/normal-map-encoding: 01000000000000000000000000000000 -> 02000000000000000000000000000000
  custom:audio-decoder-ogg-vorbis: bf7c407c2cedff20999df2af8eb42d56 -> 
  custom:audio-encoder-webm-vorbis: bf7c407c2cedff20999df2af8eb42d56 -> 
========================================================================
Received Import Request.
  Time since last request: 31.065265 seconds.
  path: Assets/Scripts/Managers/ErrorMessageManager.cs
  artifactKey: Guid(12ff880079997e848b20b81e5dda5a8b) Importer(815301076,1909f56bfc062723c751e8b465ee728b)
Start importing Assets/Scripts/Managers/ErrorMessageManager.cs using Guid(12ff880079997e848b20b81e5dda5a8b) Importer(815301076,1909f56bfc062723c751e8b465ee728b)  -> (artifact id: '0c7e6d644ca1de84f360db73bdbd7284') in 0.006650 seconds 
  Import took 0.012758 seconds .

========================================================================
Received Import Request.
  Time since last request: 36.554651 seconds.
  path: Assets/Scripts/Managers/ErrorMessageManager.cs
  artifactKey: Guid(12ff880079997e848b20b81e5dda5a8b) Importer(815301076,1909f56bfc062723c751e8b465ee728b)
Start importing Assets/Scripts/Managers/ErrorMessageManager.cs using Guid(12ff880079997e848b20b81e5dda5a8b) Importer(815301076,1909f56bfc062723c751e8b465ee728b)  -> (artifact id: '791e9e6d43157961ac4b8baddd20db4e') in 0.003241 seconds 
  Import took 0.010877 seconds .

========================================================================
Received Import Request.
  Time since last request: 8.339804 seconds.
  path: Assets/Scripts/Managers/ErrorMessageManager.cs
  artifactKey: Guid(12ff880079997e848b20b81e5dda5a8b) Importer(815301076,1909f56bfc062723c751e8b465ee728b)
Start importing Assets/Scripts/Managers/ErrorMessageManager.cs using Guid(12ff880079997e848b20b81e5dda5a8b) Importer(815301076,1909f56bfc062723c751e8b465ee728b)  -> (artifact id: 'eef4a08b2b883e0989fe18ce033bd46c') in 0.002326 seconds 
  Import took 0.006291 seconds .

========================================================================
Received Import Request.
  Time since last request: 66.582912 seconds.
  path: Assets/Scripts/Managers/ErrorMessageManager.cs
  artifactKey: Guid(12ff880079997e848b20b81e5dda5a8b) Importer(815301076,1909f56bfc062723c751e8b465ee728b)
Start importing Assets/Scripts/Managers/ErrorMessageManager.cs using Guid(12ff880079997e848b20b81e5dda5a8b) Importer(815301076,1909f56bfc062723c751e8b465ee728b)  -> (artifact id: '411417cfb00cf8ce3df3874b5b25ccc0') in 0.002788 seconds 
  Import took 0.007546 seconds .

========================================================================
Received Import Request.
  Time since last request: 168.410503 seconds.
  path: Assets/Scripts/Managers/ErrorMessageManager.cs
  artifactKey: Guid(12ff880079997e848b20b81e5dda5a8b) Importer(815301076,1909f56bfc062723c751e8b465ee728b)
Start importing Assets/Scripts/Managers/ErrorMessageManager.cs using Guid(12ff880079997e848b20b81e5dda5a8b) Importer(815301076,1909f56bfc062723c751e8b465ee728b)  -> (artifact id: 'a59769eee4fa123e09fb31154cf9c1d3') in 0.009334 seconds 
  Import took 0.016185 seconds .

========================================================================
Received Import Request.
  Time since last request: 29.748013 seconds.
  path: Assets/Scripts/Managers/ErrorMessageManager.cs
  artifactKey: Guid(12ff880079997e848b20b81e5dda5a8b) Importer(815301076,1909f56bfc062723c751e8b465ee728b)
Start importing Assets/Scripts/Managers/ErrorMessageManager.cs using Guid(12ff880079997e848b20b81e5dda5a8b) Importer(815301076,1909f56bfc062723c751e8b465ee728b)  -> (artifact id: 'b44b3508e1e831e318f5a14a5eddac33') in 0.002518 seconds 
  Import took 0.008284 seconds .

========================================================================
Received Prepare
Registering precompiled user dll's ...
Registered in 0.008527 seconds.
Begin MonoManager ReloadAssembly
Native extension for WindowsStandalone target not found
Refreshing native plugins compatible for Editor in 0.47 ms, found 2 plugins.
Preloading 0 native plugins for Editor in 0.00 ms.
Mono: successfully reloaded assembly
- Completed reload, in  1.203 seconds
Domain Reload Profiling:
	ReloadAssembly (1204ms)
		BeginReloadAssembly (133ms)
			ExecutionOrderSort (0ms)
			DisableScriptedObjects (4ms)
			BackupInstance (0ms)
			ReleaseScriptingObjects (0ms)
			CreateAndSetChildDomain (51ms)
		EndReloadAssembly (993ms)
			LoadAssemblies (99ms)
			RebuildTransferFunctionScriptingTraits (0ms)
			SetupTypeCache (306ms)
			ReleaseScriptCaches (2ms)
			RebuildScriptCaches (56ms)
			SetupLoadedEditorAssemblies (352ms)
				LogAssemblyErrors (0ms)
				InitializePlatformSupportModulesInManaged (4ms)
				SetLoadedEditorAssemblies (0ms)
				RefreshPlugins (1ms)
				BeforeProcessingInitializeOnLoad (103ms)
				ProcessInitializeOnLoadAttributes (222ms)
				ProcessInitializeOnLoadMethodAttributes (14ms)
				AfterProcessingInitializeOnLoad (8ms)
				EditorAssembliesLoaded (0ms)
			ExecutionOrderSort2 (0ms)
			AwakeInstancesAfterBackupRestoration (6ms)
Platform modules already initialized, skipping
Switching build target platform(19) subTarget(0) extendedPlatform(0) -> platform(13) subTarget(537395200) extendedPlatform(0)
Refreshing native plugins compatible for Editor in 1.04 ms, found 2 plugins.
Preloading 0 native plugins for Editor in 0.00 ms.
Unloading 2408 Unused Serialized files (Serialized files now loaded: 0)
System memory in use before: 98.6 MB.
System memory in use after: 98.8 MB.

Unloading 26 unused Assets to reduce memory usage. Loaded Objects now: 2863.
Total: 6.616500 ms (FindLiveObjects: 0.327000 ms CreateObjectMapping: 0.184600 ms MarkObjects: 6.039600 ms  DeleteObjects: 0.062400 ms)

AssetImportParameters requested are different than current active one (requested -> active):
  custom:framework-win-MediaFoundation: 216162199b28c13a410421893ffa2e32 -> 
  custom:video-decoder-ogg-theora: a1e56fd34408186e4bbccfd4996cb3dc -> 
  custom:container-muxer-webm: aa71ff27fc2769a1b78a27578f13a17b -> 
  custom:container-demuxer-webm: 4f35f7cbe854078d1ac9338744f61a02 -> 
  custom:container-demuxer-ogg: 62fdf1f143b41e24485cea50d1cbac27 -> 
  custom:video-encoder-webm-vp8: eb34c28f22e8b96e1ab97ce403110664 -> 
  custom:video-codec-MediaFoundation-h265: 746d11721c4dcdbdad8f713fa42b33f4 -> 
  custom:video-decoder-webm-vp8: 9c59270c3fd7afecdb556c50c9e8de78 -> 
  custom:graphics/normal-map-encoding: 01000000000000000000000000000000 -> 02000000000000000000000000000000
  custom:audio-decoder-ogg-vorbis: bf7c407c2cedff20999df2af8eb42d56 -> 
  custom:audio-encoder-webm-vorbis: bf7c407c2cedff20999df2af8eb42d56 -> 
========================================================================
Received Import Request.
  Time since last request: 147.859520 seconds.
  path: Assets/Resources/Sprites/UI/Additional
  artifactKey: Guid(f886b25b0ce7b8141b69e4b2bec12a95) Importer(815301076,1909f56bfc062723c751e8b465ee728b)
Start importing Assets/Resources/Sprites/UI/Additional using Guid(f886b25b0ce7b8141b69e4b2bec12a95) Importer(815301076,1909f56bfc062723c751e8b465ee728b)  -> (artifact id: 'a15b09e097c0fdc1a96628b3d65bd492') in 0.014749 seconds 
  Import took 0.018403 seconds .

========================================================================
Received Import Request.
  Time since last request: 0.201651 seconds.
  path: Assets/Resources/Sprites/UI/General
  artifactKey: Guid(6eb97376f3ecb7e42b3b63e18f5311ea) Importer(815301076,1909f56bfc062723c751e8b465ee728b)
Start importing Assets/Resources/Sprites/UI/General using Guid(6eb97376f3ecb7e42b3b63e18f5311ea) Importer(815301076,1909f56bfc062723c751e8b465ee728b)  -> (artifact id: 'a48f8e28064918b1588f43c0591ec77b') in 0.014467 seconds 
  Import took 0.018725 seconds .

========================================================================
Received Import Request.
  Time since last request: 0.128755 seconds.
  path: Assets/Resources/Sprites/UI/Main Menu
  artifactKey: Guid(cc055412fc3d1bd42b4b224db6917b8e) Importer(815301076,1909f56bfc062723c751e8b465ee728b)
Start importing Assets/Resources/Sprites/UI/Main Menu using Guid(cc055412fc3d1bd42b4b224db6917b8e) Importer(815301076,1909f56bfc062723c751e8b465ee728b)  -> (artifact id: '8747099c51829d76d04526ea89213395') in 0.011056 seconds 
  Import took 0.014602 seconds .

========================================================================
Received Import Request.
  Time since last request: 0.136579 seconds.
  path: Assets/Resources/Sprites/UI/Top Bar
  artifactKey: Guid(0353948f422852e409bf45e64b4d17ed) Importer(815301076,1909f56bfc062723c751e8b465ee728b)
Start importing Assets/Resources/Sprites/UI/Top Bar using Guid(0353948f422852e409bf45e64b4d17ed) Importer(815301076,1909f56bfc062723c751e8b465ee728b)  -> (artifact id: '8c6fcd8f4b41d6ec111008697b7dd0ef') in 0.012531 seconds 
  Import took 0.016241 seconds .

========================================================================
Received Import Request.
  Time since last request: 5.538383 seconds.
  path: Assets/Resources/Sprites/UI/Additional/Calendar.png
  artifactKey: Guid(f2a618726d062be44a2b22a794d62145) Importer(815301076,1909f56bfc062723c751e8b465ee728b)
Start importing Assets/Resources/Sprites/UI/Additional/Calendar.png using Guid(f2a618726d062be44a2b22a794d62145) Importer(815301076,1909f56bfc062723c751e8b465ee728b)  -> (artifact id: 'e6e76c191719de015dc26f4ca1c5eb18') in 0.052335 seconds 
  Import took 0.056087 seconds .

========================================================================
Received Import Request.
  Time since last request: 237.232310 seconds.
  path: Assets/Animations/Error Message.controller
  artifactKey: Guid(3f4ce2fddb1eab44cb4fc81549f983ff) Importer(815301076,1909f56bfc062723c751e8b465ee728b)
Start importing Assets/Animations/Error Message.controller using Guid(3f4ce2fddb1eab44cb4fc81549f983ff) Importer(815301076,1909f56bfc062723c751e8b465ee728b)  -> (artifact id: '912bb0293373f00fa1d24ff06c8db7ef') in 0.017857 seconds 
  Import took 0.022999 seconds .

========================================================================
Received Import Request.
  Time since last request: 131.156324 seconds.
  path: Assets/Animations/ShowError.anim
  artifactKey: Guid(2a989e1912a912b4d829c41157ac9d3e) Importer(815301076,1909f56bfc062723c751e8b465ee728b)
Start importing Assets/Animations/ShowError.anim using Guid(2a989e1912a912b4d829c41157ac9d3e) Importer(815301076,1909f56bfc062723c751e8b465ee728b)  -> (artifact id: '53c26c676e30999f4f0c665d3c0277d0') in 0.014660 seconds 
  Import took 0.018995 seconds .

========================================================================
Received Import Request.
  Time since last request: 11.045006 seconds.
  path: Assets/Animations/Error Message
  artifactKey: Guid(97be1449714b5d14f807ae732b27819e) Importer(815301076,1909f56bfc062723c751e8b465ee728b)
Start importing Assets/Animations/Error Message using Guid(97be1449714b5d14f807ae732b27819e) Importer(815301076,1909f56bfc062723c751e8b465ee728b)  -> (artifact id: '282582dcc167bcdbaaab188c18a48091') in 0.002226 seconds 
  Import took 0.006212 seconds .

========================================================================
Received Import Request.
  Time since last request: 14.604754 seconds.
  path: Assets/Animations/Error Message/HoldError.anim
  artifactKey: Guid(171cd075094837e458a0897e5a677f3e) Importer(815301076,1909f56bfc062723c751e8b465ee728b)
Start importing Assets/Animations/Error Message/HoldError.anim using Guid(171cd075094837e458a0897e5a677f3e) Importer(815301076,1909f56bfc062723c751e8b465ee728b)  -> (artifact id: 'a23430baaba551f5c5a986b836066c3a') in 0.012133 seconds 
  Import took 0.015373 seconds .

========================================================================
Received Import Request.
  Time since last request: 10.289059 seconds.
  path: Assets/Animations/Error Message/RemoveError.anim
  artifactKey: Guid(80ee5296c2fe860449bfa60c52529488) Importer(815301076,1909f56bfc062723c751e8b465ee728b)
Start importing Assets/Animations/Error Message/RemoveError.anim using Guid(80ee5296c2fe860449bfa60c52529488) Importer(815301076,1909f56bfc062723c751e8b465ee728b)  -> (artifact id: 'c96bd7292102a0961f996dc8a507c461') in 0.012349 seconds 
  Import took 0.015917 seconds .

========================================================================
Received Import Request.
  Time since last request: 538.267650 seconds.
  path: Assets/Animations/Error Message/Error Message.controller
  artifactKey: Guid(3f4ce2fddb1eab44cb4fc81549f983ff) Importer(815301076,1909f56bfc062723c751e8b465ee728b)
Start importing Assets/Animations/Error Message/Error Message.controller using Guid(3f4ce2fddb1eab44cb4fc81549f983ff) Importer(815301076,1909f56bfc062723c751e8b465ee728b)  -> (artifact id: 'da744cc26ce26694b75df8b7a4bd36ff') in 0.004044 seconds 
  Import took 0.008673 seconds .

========================================================================
Received Import Request.
  Time since last request: 279.305893 seconds.
  path: Assets/Animations/Error Message/Error Message.controller
  artifactKey: Guid(3f4ce2fddb1eab44cb4fc81549f983ff) Importer(815301076,1909f56bfc062723c751e8b465ee728b)
Start importing Assets/Animations/Error Message/Error Message.controller using Guid(3f4ce2fddb1eab44cb4fc81549f983ff) Importer(815301076,1909f56bfc062723c751e8b465ee728b)  -> (artifact id: '561cb31a825fedd914cea4e7378c7674') in 0.004326 seconds 
  Import took 0.007804 seconds .

AssetImportWorkerClient::OnTransportError - code=2 error=End of file
