Using pre-set license
Built from '2020.3/staging' branch; Version is '2020.3.26f1 (7298b473bc1a) revision 7510196'; Using compiler version '192528614'; Build Type 'Release'
OS: 'Windows 11  (10.0.22621) 64bit Core' Language: 'en' Physical Memory: 16068 MB
BatchMode: 1, IsHumanControllingUs: 0, StartBugReporterOnCrash: 0, Is64bit: 1, IsPro: 0

COMMAND LINE ARGUMENTS:
C:\Program Files\Unity\Hub\Editor\2020.3.26f1\Editor\Unity.exe
-adb2
-batchMode
-noUpm
-name
AssetImportWorker0
-projectPath
C:/Users/callu/Documents/GitHub/Inner Calm Accompany App
-logFile
Logs/AssetImportWorker0.log
-srvPort
53327
Successfully changed project path to: C:/Users/callu/Documents/GitHub/Inner Calm Accompany App
C:/Users/callu/Documents/GitHub/Inner Calm Accompany App
Using Asset Import Pipeline V2.
Refreshing native plugins compatible for Editor in 147.26 ms, found 5 plugins.
Preloading 0 native plugins for Editor in 0.00 ms.
Initialize engine version: 2020.3.26f1 (7298b473bc1a)
[Subsystems] Discovering subsystems at path C:/Program Files/Unity/Hub/Editor/2020.3.26f1/Editor/Data/Resources/UnitySubsystems
[Subsystems] Discovering subsystems at path C:/Users/callu/Documents/GitHub/Inner Calm Accompany App/Assets
GfxDevice: creating device client; threaded=0
Direct3D:
    Version:  Direct3D 11.0 [level 11.1]
    Renderer: NVIDIA GeForce RTX 3060 Laptop GPU (ID=0x2560)
    Vendor:   
    VRAM:     5996 MB
    Driver:   31.0.15.5186
Initialize mono
Mono path[0] = 'C:/Program Files/Unity/Hub/Editor/2020.3.26f1/Editor/Data/Managed'
Mono path[1] = 'C:/Program Files/Unity/Hub/Editor/2020.3.26f1/Editor/Data/MonoBleedingEdge/lib/mono/unityjit'
Mono config path = 'C:/Program Files/Unity/Hub/Editor/2020.3.26f1/Editor/Data/MonoBleedingEdge/etc'
Using monoOptions --debugger-agent=transport=dt_socket,embedding=1,server=y,suspend=n,address=127.0.0.1:56160
Begin MonoManager ReloadAssembly
Registering precompiled unity dll's ...
Register platform support module: C:/Program Files/Unity/Hub/Editor/2020.3.26f1/Editor/Data/PlaybackEngines/WindowsStandaloneSupport/UnityEditor.WindowsStandalone.Extensions.dll
Registered in 0.003240 seconds.
Native extension for WindowsStandalone target not found
Refreshing native plugins compatible for Editor in 90.35 ms, found 5 plugins.
Preloading 0 native plugins for Editor in 0.00 ms.
Mono: successfully reloaded assembly
- Completed reload, in  1.123 seconds
Domain Reload Profiling:
	ReloadAssembly (1124ms)
		BeginReloadAssembly (123ms)
			ExecutionOrderSort (0ms)
			DisableScriptedObjects (0ms)
			BackupInstance (0ms)
			ReleaseScriptingObjects (0ms)
			CreateAndSetChildDomain (1ms)
		EndReloadAssembly (875ms)
			LoadAssemblies (119ms)
			RebuildTransferFunctionScriptingTraits (0ms)
			SetupTypeCache (272ms)
			ReleaseScriptCaches (0ms)
			RebuildScriptCaches (40ms)
			SetupLoadedEditorAssemblies (350ms)
				LogAssemblyErrors (0ms)
				InitializePlatformSupportModulesInManaged (7ms)
				SetLoadedEditorAssemblies (0ms)
				RefreshPlugins (91ms)
				BeforeProcessingInitializeOnLoad (29ms)
				ProcessInitializeOnLoadAttributes (163ms)
				ProcessInitializeOnLoadMethodAttributes (60ms)
				AfterProcessingInitializeOnLoad (0ms)
				EditorAssembliesLoaded (0ms)
			ExecutionOrderSort2 (0ms)
			AwakeInstancesAfterBackupRestoration (0ms)
Platform modules already initialized, skipping
Registering precompiled user dll's ...
Registered in 0.033836 seconds.
Begin MonoManager ReloadAssembly
Native extension for WindowsStandalone target not found
Refreshing native plugins compatible for Editor in 78.09 ms, found 5 plugins.
Preloading 0 native plugins for Editor in 0.00 ms.
Mono: successfully reloaded assembly
- Completed reload, in  1.985 seconds
Domain Reload Profiling:
	ReloadAssembly (1987ms)
		BeginReloadAssembly (236ms)
			ExecutionOrderSort (0ms)
			DisableScriptedObjects (6ms)
			BackupInstance (0ms)
			ReleaseScriptingObjects (0ms)
			CreateAndSetChildDomain (27ms)
		EndReloadAssembly (1645ms)
			LoadAssemblies (164ms)
			RebuildTransferFunctionScriptingTraits (0ms)
			SetupTypeCache (561ms)
			ReleaseScriptCaches (1ms)
			RebuildScriptCaches (71ms)
			SetupLoadedEditorAssemblies (526ms)
				LogAssemblyErrors (0ms)
				InitializePlatformSupportModulesInManaged (5ms)
				SetLoadedEditorAssemblies (0ms)
				RefreshPlugins (78ms)
				BeforeProcessingInitializeOnLoad (139ms)
				ProcessInitializeOnLoadAttributes (278ms)
				ProcessInitializeOnLoadMethodAttributes (15ms)
				AfterProcessingInitializeOnLoad (10ms)
				EditorAssembliesLoaded (1ms)
			ExecutionOrderSort2 (0ms)
			AwakeInstancesAfterBackupRestoration (11ms)
Platform modules already initialized, skipping
========================================================================
Worker process is ready to serve import requests
Launched and connected shader compiler UnityShaderCompiler.exe after 0.13 seconds
Refreshing native plugins compatible for Editor in 3.16 ms, found 5 plugins.
Preloading 0 native plugins for Editor in 0.00 ms.
Unloading 2506 Unused Serialized files (Serialized files now loaded: 0)
System memory in use before: 99.5 MB.
System memory in use after: 99.7 MB.

Unloading 68 unused Assets to reduce memory usage. Loaded Objects now: 2900.
Total: 4.776600 ms (FindLiveObjects: 0.236000 ms CreateObjectMapping: 0.097000 ms MarkObjects: 4.302400 ms  DeleteObjects: 0.139000 ms)

AssetImportParameters requested are different than current active one (requested -> active):
  custom:framework-win-MediaFoundation: 216162199b28c13a410421893ffa2e32 -> 
  custom:video-decoder-ogg-theora: a1e56fd34408186e4bbccfd4996cb3dc -> 
  custom:container-muxer-webm: aa71ff27fc2769a1b78a27578f13a17b -> 
  custom:container-demuxer-webm: 4f35f7cbe854078d1ac9338744f61a02 -> 
  custom:container-demuxer-ogg: 62fdf1f143b41e24485cea50d1cbac27 -> 
  custom:video-encoder-webm-vp8: eb34c28f22e8b96e1ab97ce403110664 -> 
  custom:video-codec-MediaFoundation-h265: 746d11721c4dcdbdad8f713fa42b33f4 -> 
  custom:video-decoder-webm-vp8: 9c59270c3fd7afecdb556c50c9e8de78 -> 
  custom:audio-decoder-ogg-vorbis: bf7c407c2cedff20999df2af8eb42d56 -> 
  custom:audio-encoder-webm-vorbis: bf7c407c2cedff20999df2af8eb42d56 -> 
========================================================================
Received Import Request.
  path: Assets/Scripts/UI
  artifactKey: Guid(a61628d19a1fbb64aa6def086f595135) Importer(815301076,1909f56bfc062723c751e8b465ee728b)
Start importing Assets/Scripts/UI using Guid(a61628d19a1fbb64aa6def086f595135) Importer(815301076,1909f56bfc062723c751e8b465ee728b)  -> (artifact id: '4e8c1d9a6c0075cdf8ec12c877f156ae') in 0.200528 seconds 
  Import took 0.207427 seconds .

========================================================================
Received Import Request.
  Time since last request: 0.000582 seconds.
  path: Assets/Scripts/PHP/CheckInData.cs
  artifactKey: Guid(b176c03919b22db4ca28a6759b84cdcf) Importer(815301076,1909f56bfc062723c751e8b465ee728b)
Start importing Assets/Scripts/PHP/CheckInData.cs using Guid(b176c03919b22db4ca28a6759b84cdcf) Importer(815301076,1909f56bfc062723c751e8b465ee728b)  -> (artifact id: 'e9d654986899c4b087d4a2fb73516105') in 0.123800 seconds 
  Import took 0.132255 seconds .

========================================================================
Received Import Request.
  Time since last request: 0.000928 seconds.
  path: Assets/Scripts/PHP
  artifactKey: Guid(e228c13e0d3ac7141bf04ee7db20ac29) Importer(815301076,1909f56bfc062723c751e8b465ee728b)
Start importing Assets/Scripts/PHP using Guid(e228c13e0d3ac7141bf04ee7db20ac29) Importer(815301076,1909f56bfc062723c751e8b465ee728b)  -> (artifact id: '7df4c65c1da7b47540aa89315ecb2787') in 0.034545 seconds 
  Import took 0.044703 seconds .

========================================================================
Received Import Request.
  Time since last request: 0.000972 seconds.
  path: Assets/Scripts/Views
  artifactKey: Guid(ff84d9c4ccb8e4444ba159460e25bcb4) Importer(815301076,1909f56bfc062723c751e8b465ee728b)
Start importing Assets/Scripts/Views using Guid(ff84d9c4ccb8e4444ba159460e25bcb4) Importer(815301076,1909f56bfc062723c751e8b465ee728b)  -> (artifact id: 'cbf9f472cbe297fc4f1ff1830ea592e8') in 0.043081 seconds 
  Import took 0.053441 seconds .

========================================================================
Received Import Request.
  Time since last request: 2.042304 seconds.
  path: Assets/Scripts/PHP/DataLoader.cs
  artifactKey: Guid(51dd7f242db26fd438882c0b1291e495) Importer(815301076,1909f56bfc062723c751e8b465ee728b)
Start importing Assets/Scripts/PHP/DataLoader.cs using Guid(51dd7f242db26fd438882c0b1291e495) Importer(815301076,1909f56bfc062723c751e8b465ee728b)  -> (artifact id: 'f6fe502e338551077c4bb9562ebcb47c') in 0.027815 seconds 
  Import took 0.038198 seconds .

========================================================================
Received Prepare
Registering precompiled user dll's ...
Registered in 0.021123 seconds.
Begin MonoManager ReloadAssembly
Native extension for WindowsStandalone target not found
Refreshing native plugins compatible for Editor in 0.87 ms, found 5 plugins.
Preloading 0 native plugins for Editor in 0.00 ms.
Mono: successfully reloaded assembly
- Completed reload, in  1.430 seconds
Domain Reload Profiling:
	ReloadAssembly (1431ms)
		BeginReloadAssembly (133ms)
			ExecutionOrderSort (0ms)
			DisableScriptedObjects (4ms)
			BackupInstance (0ms)
			ReleaseScriptingObjects (0ms)
			CreateAndSetChildDomain (45ms)
		EndReloadAssembly (1227ms)
			LoadAssemblies (109ms)
			RebuildTransferFunctionScriptingTraits (0ms)
			SetupTypeCache (400ms)
			ReleaseScriptCaches (1ms)
			RebuildScriptCaches (41ms)
			SetupLoadedEditorAssemblies (555ms)
				LogAssemblyErrors (0ms)
				InitializePlatformSupportModulesInManaged (7ms)
				SetLoadedEditorAssemblies (1ms)
				RefreshPlugins (1ms)
				BeforeProcessingInitializeOnLoad (105ms)
				ProcessInitializeOnLoadAttributes (427ms)
				ProcessInitializeOnLoadMethodAttributes (8ms)
				AfterProcessingInitializeOnLoad (6ms)
				EditorAssembliesLoaded (0ms)
			ExecutionOrderSort2 (0ms)
			AwakeInstancesAfterBackupRestoration (7ms)
Platform modules already initialized, skipping
Switching build target platform(19) subTarget(0) extendedPlatform(0) -> platform(13) subTarget(537395200) extendedPlatform(0)
Refreshing native plugins compatible for Editor in 1.98 ms, found 5 plugins.
Preloading 0 native plugins for Editor in 0.00 ms.
Unloading 2543 Unused Serialized files (Serialized files now loaded: 0)
System memory in use before: 99.2 MB.
System memory in use after: 99.4 MB.

Unloading 125 unused Assets to reduce memory usage. Loaded Objects now: 2901.
Total: 7.549900 ms (FindLiveObjects: 0.480100 ms CreateObjectMapping: 0.251100 ms MarkObjects: 6.716400 ms  DeleteObjects: 0.098800 ms)

AssetImportParameters requested are different than current active one (requested -> active):
  custom:framework-win-MediaFoundation: 216162199b28c13a410421893ffa2e32 -> 
  custom:video-decoder-ogg-theora: a1e56fd34408186e4bbccfd4996cb3dc -> 
  custom:container-muxer-webm: aa71ff27fc2769a1b78a27578f13a17b -> 
  custom:container-demuxer-webm: 4f35f7cbe854078d1ac9338744f61a02 -> 
  custom:container-demuxer-ogg: 62fdf1f143b41e24485cea50d1cbac27 -> 
  custom:video-encoder-webm-vp8: eb34c28f22e8b96e1ab97ce403110664 -> 
  custom:video-codec-MediaFoundation-h265: 746d11721c4dcdbdad8f713fa42b33f4 -> 
  custom:video-decoder-webm-vp8: 9c59270c3fd7afecdb556c50c9e8de78 -> 
  custom:graphics/normal-map-encoding: 01000000000000000000000000000000 -> 02000000000000000000000000000000
  custom:audio-decoder-ogg-vorbis: bf7c407c2cedff20999df2af8eb42d56 -> 
  custom:audio-encoder-webm-vorbis: bf7c407c2cedff20999df2af8eb42d56 -> 
========================================================================
Received Import Request.
  Time since last request: 37.071792 seconds.
  path: Assets/Scripts/PHP/JournalData.cs
  artifactKey: Guid(e5f979170df779f46be72dc7f7713049) Importer(815301076,1909f56bfc062723c751e8b465ee728b)
Start importing Assets/Scripts/PHP/JournalData.cs using Guid(e5f979170df779f46be72dc7f7713049) Importer(815301076,1909f56bfc062723c751e8b465ee728b)  -> (artifact id: '4f2855897dfe77a5cb2d9c3353b0fadf') in 0.022295 seconds 
  Import took 0.029665 seconds .

========================================================================
Received Import Request.
  Time since last request: 2.313601 seconds.
  path: Assets/Scripts/PHP/PasswordUpdater.cs
  artifactKey: Guid(da45a441be6503f448eb5aff77367c07) Importer(815301076,1909f56bfc062723c751e8b465ee728b)
Start importing Assets/Scripts/PHP/PasswordUpdater.cs using Guid(da45a441be6503f448eb5aff77367c07) Importer(815301076,1909f56bfc062723c751e8b465ee728b)  -> (artifact id: 'b5303633e71720fbe5cddf5a12c34dac') in 0.021485 seconds 
  Import took 0.030168 seconds .

========================================================================
Received Prepare
Registering precompiled user dll's ...
Registered in 0.026074 seconds.
Begin MonoManager ReloadAssembly
Native extension for WindowsStandalone target not found
Refreshing native plugins compatible for Editor in 1.07 ms, found 5 plugins.
Preloading 0 native plugins for Editor in 0.00 ms.
Mono: successfully reloaded assembly
- Completed reload, in  1.863 seconds
Domain Reload Profiling:
	ReloadAssembly (1864ms)
		BeginReloadAssembly (126ms)
			ExecutionOrderSort (0ms)
			DisableScriptedObjects (5ms)
			BackupInstance (0ms)
			ReleaseScriptingObjects (0ms)
			CreateAndSetChildDomain (38ms)
		EndReloadAssembly (1635ms)
			LoadAssemblies (150ms)
			RebuildTransferFunctionScriptingTraits (0ms)
			SetupTypeCache (514ms)
			ReleaseScriptCaches (2ms)
			RebuildScriptCaches (59ms)
			SetupLoadedEditorAssemblies (752ms)
				LogAssemblyErrors (0ms)
				InitializePlatformSupportModulesInManaged (6ms)
				SetLoadedEditorAssemblies (1ms)
				RefreshPlugins (1ms)
				BeforeProcessingInitializeOnLoad (160ms)
				ProcessInitializeOnLoadAttributes (569ms)
				ProcessInitializeOnLoadMethodAttributes (9ms)
				AfterProcessingInitializeOnLoad (6ms)
				EditorAssembliesLoaded (0ms)
			ExecutionOrderSort2 (0ms)
			AwakeInstancesAfterBackupRestoration (8ms)
Platform modules already initialized, skipping
Switching build target platform(19) subTarget(0) extendedPlatform(0) -> platform(13) subTarget(537395200) extendedPlatform(0)
Refreshing native plugins compatible for Editor in 0.96 ms, found 5 plugins.
Preloading 0 native plugins for Editor in 0.00 ms.
Unloading 2542 Unused Serialized files (Serialized files now loaded: 0)
System memory in use before: 99.2 MB.
System memory in use after: 99.4 MB.

Unloading 125 unused Assets to reduce memory usage. Loaded Objects now: 2902.
Total: 3.806700 ms (FindLiveObjects: 0.201200 ms CreateObjectMapping: 0.081300 ms MarkObjects: 3.454600 ms  DeleteObjects: 0.068000 ms)

AssetImportParameters requested are different than current active one (requested -> active):
  custom:framework-win-MediaFoundation: 216162199b28c13a410421893ffa2e32 -> 
  custom:video-decoder-ogg-theora: a1e56fd34408186e4bbccfd4996cb3dc -> 
  custom:container-muxer-webm: aa71ff27fc2769a1b78a27578f13a17b -> 
  custom:container-demuxer-webm: 4f35f7cbe854078d1ac9338744f61a02 -> 
  custom:container-demuxer-ogg: 62fdf1f143b41e24485cea50d1cbac27 -> 
  custom:video-encoder-webm-vp8: eb34c28f22e8b96e1ab97ce403110664 -> 
  custom:video-codec-MediaFoundation-h265: 746d11721c4dcdbdad8f713fa42b33f4 -> 
  custom:video-decoder-webm-vp8: 9c59270c3fd7afecdb556c50c9e8de78 -> 
  custom:graphics/normal-map-encoding: 01000000000000000000000000000000 -> 02000000000000000000000000000000
  custom:audio-decoder-ogg-vorbis: bf7c407c2cedff20999df2af8eb42d56 -> 
  custom:audio-encoder-webm-vorbis: bf7c407c2cedff20999df2af8eb42d56 -> 
========================================================================
Received Import Request.
  Time since last request: 16.802822 seconds.
  path: Assets/Scripts/PHP/User.cs
  artifactKey: Guid(40b355febf9865b429f8533e0d34d381) Importer(815301076,1909f56bfc062723c751e8b465ee728b)
Start importing Assets/Scripts/PHP/User.cs using Guid(40b355febf9865b429f8533e0d34d381) Importer(815301076,1909f56bfc062723c751e8b465ee728b)  -> (artifact id: '4c824d25af8dc8fa3e85942ced3ff4f4') in 0.023396 seconds 
  Import took 0.028082 seconds .

========================================================================
Received Import Request.
  Time since last request: 8.634833 seconds.
  path: Assets/Scripts/UI/AutoSpaceOnResolution.cs
  artifactKey: Guid(f85e132ea23dd0d409d416339bff437b) Importer(815301076,1909f56bfc062723c751e8b465ee728b)
Start importing Assets/Scripts/UI/AutoSpaceOnResolution.cs using Guid(f85e132ea23dd0d409d416339bff437b) Importer(815301076,1909f56bfc062723c751e8b465ee728b)  -> (artifact id: '2d1ad26a716b109e283055681c406063') in 0.037152 seconds 
  Import took 0.043594 seconds .

========================================================================
Received Import Request.
  Time since last request: 8.903422 seconds.
  path: Assets/Scripts/DataPersistence
  artifactKey: Guid(197c24f41c4652343ae054730afb9a9d) Importer(815301076,1909f56bfc062723c751e8b465ee728b)
Start importing Assets/Scripts/DataPersistence using Guid(197c24f41c4652343ae054730afb9a9d) Importer(815301076,1909f56bfc062723c751e8b465ee728b)  -> (artifact id: 'b9ef2d717d9854b2578393a16d58230d') in 0.027629 seconds 
  Import took 0.037795 seconds .

========================================================================
Received Import Request.
  Time since last request: 0.593427 seconds.
  path: Assets/Scripts/Database/DatabaseHandler.cs
  artifactKey: Guid(e061f525c8f5f8341b7fa3670856dea7) Importer(815301076,1909f56bfc062723c751e8b465ee728b)
Start importing Assets/Scripts/Database/DatabaseHandler.cs using Guid(e061f525c8f5f8341b7fa3670856dea7) Importer(815301076,1909f56bfc062723c751e8b465ee728b)  -> (artifact id: 'cfb1ab373c5564dade5acd26b97f1fc9') in 0.018425 seconds 
  Import took 0.026349 seconds .

========================================================================
Received Import Request.
  Time since last request: 0.092264 seconds.
  path: Assets/Scripts/Database
  artifactKey: Guid(2cecd3989e9c50640bffa12c63ea4602) Importer(815301076,1909f56bfc062723c751e8b465ee728b)
Start importing Assets/Scripts/Database using Guid(2cecd3989e9c50640bffa12c63ea4602) Importer(815301076,1909f56bfc062723c751e8b465ee728b)  -> (artifact id: 'cdb62a52588b244e0f6436646a81af10') in 0.025305 seconds 
  Import took 0.031713 seconds .

========================================================================
Received Import Request.
  Time since last request: 0.366378 seconds.
  path: Assets/Scripts
  artifactKey: Guid(3c5d1ead7eec615409195112f82466b0) Importer(815301076,1909f56bfc062723c751e8b465ee728b)
Start importing Assets/Scripts using Guid(3c5d1ead7eec615409195112f82466b0) Importer(815301076,1909f56bfc062723c751e8b465ee728b)  -> (artifact id: '7a627f5e82dfc8873f417e0c19809e83') in 0.022434 seconds 
  Import took 0.032578 seconds .

========================================================================
Received Import Request.
  Time since last request: 1.259676 seconds.
  path: Assets/Resources/Sprites
  artifactKey: Guid(c5397983f60944c449e473bbc79be772) Importer(815301076,1909f56bfc062723c751e8b465ee728b)
Start importing Assets/Resources/Sprites using Guid(c5397983f60944c449e473bbc79be772) Importer(815301076,1909f56bfc062723c751e8b465ee728b)  -> (artifact id: 'e3549c7b8536fe14a80fd1a6c6efcf53') in 0.067286 seconds 
  Import took 0.074484 seconds .

========================================================================
Received Import Request.
  Time since last request: 0.080990 seconds.
  path: Assets/Resources/Prefabs
  artifactKey: Guid(908a0ae99a1ae4546a5d112946438fb6) Importer(815301076,1909f56bfc062723c751e8b465ee728b)
Start importing Assets/Resources/Prefabs using Guid(908a0ae99a1ae4546a5d112946438fb6) Importer(815301076,1909f56bfc062723c751e8b465ee728b)  -> (artifact id: 'c35f20f0c36c5b91631afc2a99e03223') in 0.021418 seconds 
  Import took 0.027122 seconds .

========================================================================
Received Import Request.
  Time since last request: 0.275875 seconds.
  path: Assets/Resources/Font
  artifactKey: Guid(1ae5b989fc37e6849a74eb776872a304) Importer(815301076,1909f56bfc062723c751e8b465ee728b)
Start importing Assets/Resources/Font using Guid(1ae5b989fc37e6849a74eb776872a304) Importer(815301076,1909f56bfc062723c751e8b465ee728b)  -> (artifact id: 'a8b81380bf7fdec2b0746ee9801764fb') in 0.018732 seconds 
  Import took 0.026961 seconds .

========================================================================
Received Import Request.
  Time since last request: 9.174365 seconds.
  path: Assets
  artifactKey: Guid(00000000000000001000000000000000) Importer(815301076,1909f56bfc062723c751e8b465ee728b)
Start importing Assets using Guid(00000000000000001000000000000000) Importer(815301076,1909f56bfc062723c751e8b465ee728b)  -> (artifact id: '42d402b061de3733987d63b9cc3b64de') in 0.028578 seconds 
  Import took 0.035861 seconds .

========================================================================
Received Prepare
Registering precompiled user dll's ...
Registered in 0.039103 seconds.
Begin MonoManager ReloadAssembly
Native extension for WindowsStandalone target not found
Refreshing native plugins compatible for Editor in 2.30 ms, found 5 plugins.
Preloading 0 native plugins for Editor in 0.00 ms.
Mono: successfully reloaded assembly
- Completed reload, in  3.711 seconds
Domain Reload Profiling:
	ReloadAssembly (3711ms)
		BeginReloadAssembly (242ms)
			ExecutionOrderSort (0ms)
			DisableScriptedObjects (9ms)
			BackupInstance (0ms)
			ReleaseScriptingObjects (0ms)
			CreateAndSetChildDomain (95ms)
		EndReloadAssembly (3316ms)
			LoadAssemblies (266ms)
			RebuildTransferFunctionScriptingTraits (0ms)
			SetupTypeCache (1137ms)
			ReleaseScriptCaches (3ms)
			RebuildScriptCaches (121ms)
			SetupLoadedEditorAssemblies (1404ms)
				LogAssemblyErrors (0ms)
				InitializePlatformSupportModulesInManaged (18ms)
				SetLoadedEditorAssemblies (2ms)
				RefreshPlugins (3ms)
				BeforeProcessingInitializeOnLoad (269ms)
				ProcessInitializeOnLoadAttributes (1063ms)
				ProcessInitializeOnLoadMethodAttributes (26ms)
				AfterProcessingInitializeOnLoad (23ms)
				EditorAssembliesLoaded (1ms)
			ExecutionOrderSort2 (0ms)
			AwakeInstancesAfterBackupRestoration (29ms)
Platform modules already initialized, skipping
Switching build target platform(19) subTarget(0) extendedPlatform(0) -> platform(13) subTarget(537395200) extendedPlatform(0)
Refreshing native plugins compatible for Editor in 1.31 ms, found 5 plugins.
Preloading 0 native plugins for Editor in 0.00 ms.
Unloading 2542 Unused Serialized files (Serialized files now loaded: 0)
System memory in use before: 99.2 MB.
System memory in use after: 99.5 MB.

Unloading 124 unused Assets to reduce memory usage. Loaded Objects now: 2904.
Total: 7.163200 ms (FindLiveObjects: 0.290700 ms CreateObjectMapping: 0.159400 ms MarkObjects: 6.622200 ms  DeleteObjects: 0.087300 ms)

AssetImportParameters requested are different than current active one (requested -> active):
  custom:framework-win-MediaFoundation: 216162199b28c13a410421893ffa2e32 -> 
  custom:video-decoder-ogg-theora: a1e56fd34408186e4bbccfd4996cb3dc -> 
  custom:container-muxer-webm: aa71ff27fc2769a1b78a27578f13a17b -> 
  custom:container-demuxer-webm: 4f35f7cbe854078d1ac9338744f61a02 -> 
  custom:container-demuxer-ogg: 62fdf1f143b41e24485cea50d1cbac27 -> 
  custom:video-encoder-webm-vp8: eb34c28f22e8b96e1ab97ce403110664 -> 
  custom:video-codec-MediaFoundation-h265: 746d11721c4dcdbdad8f713fa42b33f4 -> 
  custom:video-decoder-webm-vp8: 9c59270c3fd7afecdb556c50c9e8de78 -> 
  custom:graphics/normal-map-encoding: 01000000000000000000000000000000 -> 02000000000000000000000000000000
  custom:audio-decoder-ogg-vorbis: bf7c407c2cedff20999df2af8eb42d56 -> 
  custom:audio-encoder-webm-vorbis: bf7c407c2cedff20999df2af8eb42d56 -> 
AssetImportWorkerClient::OnTransportError - code=2 error=End of file
